<?xml version="1.0" encoding="UTF-8"?>
<!-- Generated by org.testng.reporters.JUnitReportReporter -->
<testsuite name="ExpectedExceptionTest" tests="2" time="0.005" ignored="0" failures="0" timestamp="16 Aug 2017 06:37:30 GMT" skipped="0" hostname="ferdy-390" errors="0">
  <testcase name="testDivisionByZero" time="0.004" classname="ExpectedExceptionTest"/>
  <testcase name="testSalutationMessage" time="0.001" classname="ExpectedExceptionTest"/>
</testsuite> <!-- ExpectedExceptionTest -->
