<?xml version="1.0" encoding="UTF-8"?>
<!-- Generated by org.testng.reporters.JUnitReportReporter -->
<testsuite name="DependsOnGroupsTest" tests="3" time="0.005" ignored="0" failures="0" timestamp="17 Aug 2017 01:47:38 GMT" skipped="0" hostname="ferdy-390" errors="0">
  <testcase name="initEnvironmentTest" time="0.004" classname="DependsOnGroupsTest"/>
  <testcase name="testSalutationMessage" time="0.001" classname="DependsOnGroupsTest"/>
  <testcase name="testPrintMessage" time="0.000" classname="DependsOnGroupsTest"/>
</testsuite> <!-- DependsOnGroupsTest -->
