<?xml version="1.0" encoding="UTF-8"?>
<!-- Generated by org.testng.reporters.JUnitReportReporter -->
<testsuite name="MessageUtilTest1" tests="1" time="0.005" ignored="0" failures="0" timestamp="16 Aug 2017 04:48:28 GMT" skipped="0" hostname="ferdy-390" errors="0">
  <testcase name="testPrintMessage" time="0.005" classname="MessageUtilTest1"/>
</testsuite> <!-- MessageUtilTest1 -->
