<?xml version="1.0" encoding="UTF-8"?>
<!-- Generated by org.testng.reporters.JUnitReportReporter -->
<testsuite name="DependencyUsingAnnotationTest" tests="3" time="0.006" ignored="0" failures="0" timestamp="17 Aug 2017 01:17:24 GMT" skipped="0" hostname="ferdy-390" errors="0">
  <testcase name="testPrintMessage" time="0.001" classname="DependencyUsingAnnotationTest"/>
  <testcase name="initEnvironmentTest" time="0.005" classname="DependencyUsingAnnotationTest"/>
  <testcase name="testSalutationMessage" time="0.000" classname="DependencyUsingAnnotationTest"/>
</testsuite> <!-- DependencyUsingAnnotationTest -->
