<?xml version="1.0" encoding="UTF-8"?>
<!-- Generated by org.testng.reporters.JUnitReportReporter -->
<testsuite name="SampleNgAnnotationTest" tests="2" time="0.000" ignored="0" failures="0" timestamp="16 Aug 2017 04:18:50 GMT" skipped="0" hostname="ferdy-390" errors="0">
  <testcase name="testCase2" time="0.000" classname="SampleNgAnnotationTest"/>
  <testcase name="testCase1" time="0.000" classname="SampleNgAnnotationTest"/>
</testsuite> <!-- SampleNgAnnotationTest -->
