<?xml version="1.0" encoding="UTF-8"?>
<!-- Generated by org.testng.reporters.JUnitReportReporter -->
<testsuite name="EmployeeDetailsTest" tests="2" time="0.006" ignored="0" failures="0" timestamp="16 Aug 2017 03:35:58 GMT" skipped="0" hostname="ferdy-390" errors="0">
  <testcase name="testCalculateYearlySalary" time="0.001" classname="EmployeeDetailsTest"/>
  <testcase name="testCalculateAppriasal" time="0.005" classname="EmployeeDetailsTest"/>
</testsuite> <!-- EmployeeDetailsTest -->
