<?xml version="1.0" encoding="UTF-8"?>
<!-- Generated by org.testng.reporters.JUnitReportReporter -->
<testsuite name="TestNGSimpleTest" tests="1" time="0.007" ignored="0" failures="0" timestamp="16 Aug 2017 02:51:31 GMT" skipped="0" hostname="ferdy-390" errors="0">
  <testcase name="testAdd" time="0.007" classname="TestNGSimpleTest"/>
</testsuite> <!-- TestNGSimpleTest -->
