<?xml version="1.0" encoding="UTF-8"?>
<!-- Generated by org.testng.reporters.JUnitReportReporter -->
<testsuite name="MessageUtilIgnoreTest" tests="1" time="0.005" ignored="1" failures="0" timestamp="16 Aug 2017 05:08:15 GMT" skipped="0" hostname="ferdy-390" errors="0">
  <testcase name="testPrintMessage" time="0.005" classname="MessageUtilIgnoreTest"/>
  <testcase name="testSalutationMessage" classname="MessageUtilIgnoreTest">
    <skipped/>
  </testcase> <!-- testSalutationMessage -->
</testsuite> <!-- MessageUtilIgnoreTest -->
